2024-11-15T06:49:09.441Z [ctureModificationListener$Companion.initForProject] INFO ProjectStructureModificationListener is init for project Smoke
2024-11-15T06:49:09.447Z [s.AiToolwindowsInitializer.reinitializeToolWindows] INFO AI state ENABLED
2024-11-15T06:49:09.447Z [.services.AnalyzerInstallationChecker.checkVersion] INFO analyzer is outdated
2024-11-15T06:49:09.449Z [nfrastructureApiService.createInfrastructureFacade] INFO isInfrastructureDebug: false
2024-11-15T06:49:09.449Z [nfrastructureApiService.createInfrastructureFacade] INFO Use port: 54885
2024-11-15T06:49:09.450Z [.services.HeavyInfrastructureApiService.initialize] INFO Plugin context initialized
2024-11-15T06:49:09.460Z [itializeManager$initializeAnalyzer$1.invokeSuspend] INFO initializing infrastructure
2024-11-15T06:49:09.507Z [intellij.services.AiInitializeManager.initializeAI] INFO IntelliJ listens web server on port: 63342
2024-11-15T06:49:09.759Z [y.aiintellij.ui.panels.AIToolWindowLogPanel.<init>] INFO initializing a logs panel
2024-11-15T06:49:09.763Z [els.AIToolWindowLogPanel.reloadAdditionalLogPanels] INFO reloading additional log panels
2024-11-15T06:49:09.763Z [els.AIToolWindowLogPanel.removeAdditionalLogPanels] INFO removing additional log panels
2024-11-15T06:49:09.763Z [els.AIToolWindowLogPanel.reloadAdditionalLogPanels] INFO path to the logs is C:\PositiveTechnologies\AI\apps\PHP\apps\Smoke\.ai\Logs\IDEA\plugin-20241115-124909.log
2024-11-15T06:49:09.778Z [tellij.ui.panels.AIToolWindowLogPanel.insertLogTab] INFO log tab Plugin Log was inserted
2024-11-15T06:49:09.780Z [lWindowLogPanel$reloadAdditionalLogPanels$1.invoke] INFO additional logs from dev mode are LogPanel(panelName=Analyzer, pathsToLogs=[infrastructure.log])
2024-11-15T06:49:09.790Z [tellij.ui.panels.AIToolWindowLogPanel.insertLogTab] INFO log tab Analyzer was inserted
2024-11-15T06:49:09.930Z [y.aiintellij.ui.panels.AIToolWindowLogPanel.<init>] INFO initializing a logs panel
2024-11-15T06:49:09.931Z [els.AIToolWindowLogPanel.reloadAdditionalLogPanels] INFO reloading additional log panels
2024-11-15T06:49:09.932Z [els.AIToolWindowLogPanel.removeAdditionalLogPanels] INFO removing additional log panels
2024-11-15T06:49:09.932Z [els.AIToolWindowLogPanel.reloadAdditionalLogPanels] INFO path to the logs is C:\PositiveTechnologies\AI\apps\PHP\apps\Smoke\.ai\Logs\IDEA\plugin-20241115-124909.log
2024-11-15T06:49:09.942Z [tellij.ui.panels.AIToolWindowLogPanel.insertLogTab] INFO log tab Plugin Log was inserted
2024-11-15T06:49:09.943Z [lWindowLogPanel$reloadAdditionalLogPanels$1.invoke] INFO additional logs from dev mode are LogPanel(panelName=Analyzer, pathsToLogs=[infrastructure.log])
2024-11-15T06:49:09.952Z [tellij.ui.panels.AIToolWindowLogPanel.insertLogTab] INFO log tab Analyzer was inserted
2024-11-15T06:49:11.300Z [initializeInfrastructureInstance$1$1.invokeSuspend] INFO Infrastructure initialized
2024-11-15T06:49:11.544Z [y.aiintellij.utils.logging.AiProjectLogger.cleanUp] INFO Clean up logs files was started
2024-11-15T06:49:11.547Z [y.aiintellij.utils.logging.AiProjectLogger.cleanUp] INFO Clean up logs files was finished
2024-11-15T06:49:12.592Z [tellij.services.PluginProjectService.createProject] INFO Project created
2024-11-15T06:49:12.747Z [sistantNotificationService.onAssistantNotification] INFO TipsAvailabilityChanged notification is received by assistant
2024-11-15T06:49:12.750Z [sistantNotificationService.onAssistantNotification] INFO QuickFixTipsUpdated notification is received by assistant
2024-11-15T06:49:12.805Z [ices.aie.AieInitializer$initialize$1.invokeSuspend] INFO AIE integration isn't initialized, skipping listeners initialization
2024-11-15T06:49:12.886Z [sistantNotificationService.onAssistantNotification] INFO TipsAvailabilityChanged notification is received by assistant
2024-11-15T06:49:12.890Z [sistantNotificationService.onAssistantNotification] INFO QuickFixTipsUpdated notification is received by assistant
2024-11-15T06:49:12.906Z [els.AIToolWindowLogPanel.reloadAdditionalLogPanels] INFO reloading additional log panels
2024-11-15T06:49:12.906Z [els.AIToolWindowLogPanel.removeAdditionalLogPanels] INFO removing additional log panels
2024-11-15T06:49:12.911Z [els.AIToolWindowLogPanel.reloadAdditionalLogPanels] INFO path to the logs is C:\PositiveTechnologies\AI\apps\PHP\apps\Smoke\.ai\Logs\IDEA\plugin-20241115-124909.log
2024-11-15T06:49:12.918Z [sistantNotificationService.onAssistantNotification] INFO TipsAvailabilityChanged notification is received by assistant
2024-11-15T06:49:12.919Z [tellij.ui.panels.AIToolWindowLogPanel.insertLogTab] INFO log tab Plugin Log was inserted
2024-11-15T06:49:12.921Z [lWindowLogPanel$reloadAdditionalLogPanels$1.invoke] INFO additional logs from dev mode are LogPanel(panelName=Analyzer, pathsToLogs=[infrastructure.log])
2024-11-15T06:49:12.928Z [tellij.ui.panels.AIToolWindowLogPanel.insertLogTab] INFO log tab Analyzer was inserted
2024-11-15T06:49:12.934Z [sistantNotificationService.onAssistantNotification] INFO QuickFixTipsUpdated notification is received by assistant
2024-11-15T06:49:32.501Z [y.aiintellij.utils.logging.AiProjectLogger.cleanUp] INFO Clean up logs files was started
2024-11-15T06:49:32.502Z [y.aiintellij.utils.logging.AiProjectLogger.cleanUp] INFO Clean up logs files was finished
2024-11-15T06:49:32.891Z [els.AIToolWindowLogPanel.removeAdditionalLogPanels] INFO removing additional log panels
2024-11-15T06:49:34.693Z [.ptsecurity.aiintellij.services.ScanRunner.runScan] INFO Start scanning
2024-11-15T06:49:41.671Z [bstractPanelIssueStateChangeAction.actionPerformed] WARN no scan problem to change status
2024-11-15T06:49:42.011Z [bstractPanelIssueStateChangeAction.actionPerformed] WARN no scan problem to change status
2024-11-15T06:49:49.236Z [intellij.services.ScanRunner.handleScanDoneMessage] INFO Scanning was finished
2024-11-15T06:49:49.378Z [sistantNotificationService.onAssistantNotification] INFO TipsAvailabilityChanged notification is received by assistant
2024-11-15T06:49:49.384Z [sistantNotificationService.onAssistantNotification] INFO QuickFixTipsUpdated notification is received by assistant
2024-11-15T06:49:49.472Z [sistantNotificationService.onAssistantNotification] INFO TipsAvailabilityChanged notification is received by assistant
2024-11-15T06:49:49.475Z [sistantNotificationService.onAssistantNotification] INFO QuickFixTipsUpdated notification is received by assistant
2024-11-15T06:49:49.503Z [sistantNotificationService.onAssistantNotification] INFO TipsAvailabilityChanged notification is received by assistant
2024-11-15T06:49:49.506Z [sistantNotificationService.onAssistantNotification] INFO QuickFixTipsUpdated notification is received by assistant
2024-11-15T06:49:49.521Z [.services.assistant.AssistantRunner.startAssistant] INFO Start assistant
2024-11-15T06:49:59.896Z [j.services.assistant.AssistantRunner.stopAssistant] INFO Stop assistant
