2024-11-20T08:11:23.880Z [ctureModificationListener$Companion.initForProject] INFO ProjectStructureModificationListener is init for project Smoke
2024-11-20T08:11:23.882Z [s.AiToolwindowsInitializer.reinitializeToolWindows] INFO AI state ENABLED
2024-11-20T08:11:23.882Z [.services.AnalyzerInstallationChecker.checkVersion] INFO analyzer is outdated
2024-11-20T08:11:23.882Z [nfrastructureApiService.createInfrastructureFacade] INFO isInfrastructureDebug: false
2024-11-20T08:11:23.882Z [nfrastructureApiService.createInfrastructureFacade] INFO Use port: 63811
2024-11-20T08:11:23.883Z [.services.HeavyInfrastructureApiService.initialize] INFO Plugin context initialized
2024-11-20T08:11:23.890Z [itializeManager$initializeAnalyzer$1.invokeSuspend] INFO initializing infrastructure
2024-11-20T08:11:23.896Z [y.aiintellij.ui.panels.AIToolWindowLogPanel.<init>] INFO initializing a logs panel
2024-11-20T08:11:23.896Z [els.AIToolWindowLogPanel.reloadAdditionalLogPanels] INFO reloading additional log panels
2024-11-20T08:11:23.896Z [els.AIToolWindowLogPanel.reloadAdditionalLogPanels] INFO not in developer mode, skipping
2024-11-20T08:11:23.928Z [y.aiintellij.ui.panels.AIToolWindowLogPanel.<init>] INFO initializing a logs panel
2024-11-20T08:11:23.928Z [els.AIToolWindowLogPanel.reloadAdditionalLogPanels] INFO reloading additional log panels
2024-11-20T08:11:23.928Z [els.AIToolWindowLogPanel.reloadAdditionalLogPanels] INFO not in developer mode, skipping
2024-11-20T08:11:23.952Z [intellij.services.AiInitializeManager.initializeAI] INFO IntelliJ listens web server on port: 63342
2024-11-20T08:11:24.669Z [initializeInfrastructureInstance$1$1.invokeSuspend] INFO Infrastructure initialized
2024-11-20T08:11:24.874Z [y.aiintellij.utils.logging.AiProjectLogger.cleanUp] INFO Clean up logs files was started
2024-11-20T08:11:24.876Z [y.aiintellij.utils.logging.AiProjectLogger.cleanUp] INFO Clean up logs files was finished
2024-11-20T08:11:25.866Z [sistantNotificationService.onAssistantNotification] INFO TipsAvailabilityChanged notification is received by assistant
2024-11-20T08:11:25.874Z [sistantNotificationService.onAssistantNotification] INFO QuickFixTipsUpdated notification is received by assistant
2024-11-20T08:11:25.936Z [tilsKt.updateDaemonCodeAnalyzerForOpenFilesFromEDT] INFO Update daemon code analyzer
2024-11-20T08:11:25.939Z [ices.aie.AieInitializer$initialize$1.invokeSuspend] INFO AIE integration isn't initialized, skipping listeners initialization
2024-11-20T08:11:26.173Z [sistantNotificationService.onAssistantNotification] INFO TipsAvailabilityChanged notification is received by assistant
2024-11-20T08:11:26.174Z [sistantNotificationService.onAssistantNotification] INFO QuickFixTipsUpdated notification is received by assistant
2024-11-20T08:11:26.189Z [els.AIToolWindowLogPanel.reloadAdditionalLogPanels] INFO reloading additional log panels
2024-11-20T08:11:26.190Z [els.AIToolWindowLogPanel.reloadAdditionalLogPanels] INFO not in developer mode, skipping
2024-11-20T08:11:26.204Z [sistantNotificationService.onAssistantNotification] INFO TipsAvailabilityChanged notification is received by assistant
2024-11-20T08:11:26.219Z [sistantNotificationService.onAssistantNotification] INFO QuickFixTipsUpdated notification is received by assistant
2024-11-20T08:11:39.401Z [.ptsecurity.aiintellij.services.ScanRunner.runScan] INFO Start scanning
2024-11-20T08:11:51.156Z [sistantNotificationService.onAssistantNotification] INFO TipsWereFound notification is received by assistant
2024-11-20T08:11:51.171Z [sistantNotificationService.onAssistantNotification] INFO TipsAvailabilityChanged notification is received by assistant
2024-11-20T08:11:51.186Z [sistantNotificationService.onAssistantNotification] INFO QuickFixTipsUpdated notification is received by assistant
2024-11-20T08:11:51.201Z [intellij.services.ScanRunner.handleScanDoneMessage] INFO Scanning was finished
2024-11-20T08:11:51.342Z [sistantNotificationService.onAssistantNotification] INFO TipsAvailabilityChanged notification is received by assistant
2024-11-20T08:11:51.342Z [sistantNotificationService.onAssistantNotification] INFO QuickFixTipsUpdated notification is received by assistant
2024-11-20T08:11:51.436Z [sistantNotificationService.onAssistantNotification] INFO TipsAvailabilityChanged notification is received by assistant
2024-11-20T08:11:51.437Z [sistantNotificationService.onAssistantNotification] INFO QuickFixTipsUpdated notification is received by assistant
2024-11-20T08:11:51.467Z [sistantNotificationService.onAssistantNotification] INFO TipsAvailabilityChanged notification is received by assistant
2024-11-20T08:11:51.468Z [sistantNotificationService.onAssistantNotification] INFO QuickFixTipsUpdated notification is received by assistant
2024-11-20T08:11:58.473Z [.ptsecurity.aiintellij.services.ScanRunner.runScan] INFO Start scanning
2024-11-20T08:12:03.139Z [y.aiintellij.utils.logging.AiProjectLogger.cleanUp] INFO Clean up logs files was started
2024-11-20T08:12:03.140Z [y.aiintellij.utils.logging.AiProjectLogger.cleanUp] INFO Clean up logs files was finished
2024-11-20T08:12:03.146Z [s.AiToolwindowsInitializer.reinitializeToolWindows] INFO AI state ENABLED
2024-11-20T08:12:03.155Z [.services.AnalyzerInstallationChecker.checkVersion] INFO analyzer is outdated
2024-11-20T08:12:03.156Z [nfrastructureApiService.createInfrastructureFacade] INFO isInfrastructureDebug: false
2024-11-20T08:12:03.156Z [nfrastructureApiService.createInfrastructureFacade] INFO Use port: 63932
2024-11-20T08:12:03.156Z [.services.HeavyInfrastructureApiService.initialize] INFO Plugin context initialized
2024-11-20T08:12:03.156Z [itializeManager$initializeAnalyzer$1.invokeSuspend] INFO initializing infrastructure
2024-11-20T08:12:03.704Z [y.aiintellij.ui.panels.AIToolWindowLogPanel.<init>] INFO initializing a logs panel
2024-11-20T08:12:03.704Z [els.AIToolWindowLogPanel.reloadAdditionalLogPanels] INFO reloading additional log panels
2024-11-20T08:12:03.704Z [els.AIToolWindowLogPanel.reloadAdditionalLogPanels] INFO not in developer mode, skipping
2024-11-20T08:12:03.935Z [initializeInfrastructureInstance$1$1.invokeSuspend] INFO Infrastructure initialized
2024-11-20T08:12:03.936Z [y.aiintellij.utils.logging.AiProjectLogger.cleanUp] INFO Clean up logs files was started
2024-11-20T08:12:03.936Z [y.aiintellij.utils.logging.AiProjectLogger.cleanUp] INFO Clean up logs files was finished
2024-11-20T08:12:05.122Z [sistantNotificationService.onAssistantNotification] INFO TipsAvailabilityChanged notification is received by assistant
2024-11-20T08:12:05.130Z [sistantNotificationService.onAssistantNotification] INFO QuickFixTipsUpdated notification is received by assistant
2024-11-20T08:12:05.189Z [tilsKt.updateDaemonCodeAnalyzerForOpenFilesFromEDT] INFO Update daemon code analyzer
2024-11-20T08:12:05.195Z [ices.aie.AieInitializer$initialize$1.invokeSuspend] INFO AIE integration isn't initialized, skipping listeners initialization
2024-11-20T08:12:05.350Z [sistantNotificationService.onAssistantNotification] INFO TipsAvailabilityChanged notification is received by assistant
2024-11-20T08:12:05.351Z [sistantNotificationService.onAssistantNotification] INFO QuickFixTipsUpdated notification is received by assistant
2024-11-20T08:12:05.367Z [els.AIToolWindowLogPanel.reloadAdditionalLogPanels] INFO reloading additional log panels
2024-11-20T08:12:05.367Z [els.AIToolWindowLogPanel.reloadAdditionalLogPanels] INFO not in developer mode, skipping
2024-11-20T08:12:05.382Z [sistantNotificationService.onAssistantNotification] INFO TipsAvailabilityChanged notification is received by assistant
2024-11-20T08:12:05.397Z [sistantNotificationService.onAssistantNotification] INFO QuickFixTipsUpdated notification is received by assistant
2024-11-20T08:12:30.329Z [y.aiintellij.utils.logging.AiProjectLogger.cleanUp] INFO Clean up logs files was started
2024-11-20T08:12:30.330Z [y.aiintellij.utils.logging.AiProjectLogger.cleanUp] INFO Clean up logs files was finished
2024-11-20T08:12:30.343Z [els.AIToolWindowLogPanel.reloadAdditionalLogPanels] INFO reloading additional log panels
2024-11-20T08:12:30.343Z [els.AIToolWindowLogPanel.removeAdditionalLogPanels] INFO removing additional log panels
2024-11-20T08:12:30.344Z [els.AIToolWindowLogPanel.reloadAdditionalLogPanels] INFO path to the logs is C:\PositiveTechnologies\AI\apps\PHP\apps\Smoke\.ai\Logs\IDEA\plugin-20241120-141123.log
2024-11-20T08:12:30.357Z [tellij.ui.panels.AIToolWindowLogPanel.insertLogTab] INFO log tab Plugin Log was inserted
2024-11-20T08:12:30.363Z [lWindowLogPanel$reloadAdditionalLogPanels$1.invoke] INFO additional logs from dev mode are LogPanel(panelName=Analyzer, pathsToLogs=[infrastructure.log])
2024-11-20T08:12:30.373Z [tellij.ui.panels.AIToolWindowLogPanel.insertLogTab] INFO log tab Analyzer was inserted
2024-11-20T08:12:39.178Z [y.aiintellij.utils.logging.AiProjectLogger.cleanUp] INFO Clean up logs files was started
2024-11-20T08:12:39.178Z [y.aiintellij.utils.logging.AiProjectLogger.cleanUp] INFO Clean up logs files was finished
2024-11-20T08:12:39.191Z [els.AIToolWindowLogPanel.removeAdditionalLogPanels] INFO removing additional log panels
2024-11-20T08:12:43.573Z [y.aiintellij.utils.logging.AiProjectLogger.cleanUp] INFO Clean up logs files was started
2024-11-20T08:12:43.573Z [y.aiintellij.utils.logging.AiProjectLogger.cleanUp] INFO Clean up logs files was finished
2024-11-20T08:12:43.584Z [els.AIToolWindowLogPanel.reloadAdditionalLogPanels] INFO reloading additional log panels
2024-11-20T08:12:43.584Z [els.AIToolWindowLogPanel.removeAdditionalLogPanels] INFO removing additional log panels
2024-11-20T08:12:43.584Z [els.AIToolWindowLogPanel.reloadAdditionalLogPanels] INFO path to the logs is C:\PositiveTechnologies\AI\apps\PHP\apps\Smoke\.ai\Logs\IDEA\plugin-20241120-141123.log
2024-11-20T08:12:43.601Z [tellij.ui.panels.AIToolWindowLogPanel.insertLogTab] INFO log tab Plugin Log was inserted
2024-11-20T08:12:43.601Z [lWindowLogPanel$reloadAdditionalLogPanels$1.invoke] INFO additional logs from dev mode are LogPanel(panelName=Analyzer, pathsToLogs=[infrastructure.log])
2024-11-20T08:12:43.606Z [tellij.ui.panels.AIToolWindowLogPanel.insertLogTab] INFO log tab Analyzer was inserted
2024-11-20T08:13:07.058Z [els.AIToolWindowLogPanel.reloadAdditionalLogPanels] INFO reloading additional log panels
2024-11-20T08:13:07.058Z [els.AIToolWindowLogPanel.removeAdditionalLogPanels] INFO removing additional log panels
2024-11-20T08:13:07.060Z [els.AIToolWindowLogPanel.reloadAdditionalLogPanels] INFO path to the logs is C:\PositiveTechnologies\AI\apps\PHP\apps\Smoke\.ai\Logs\IDEA\plugin-20241120-141123.log
2024-11-20T08:13:07.072Z [tellij.ui.panels.AIToolWindowLogPanel.insertLogTab] INFO log tab Plugin Log was inserted
2024-11-20T08:13:07.073Z [lWindowLogPanel$reloadAdditionalLogPanels$1.invoke] INFO additional logs from dev mode are LogPanel(panelName=Analyzer, pathsToLogs=[infrastructure.log]), LogPanel(panelName=Test, pathsToLogs=[process.log])
2024-11-20T08:13:07.087Z [tellij.ui.panels.AIToolWindowLogPanel.insertLogTab] INFO log tab Analyzer was inserted
2024-11-20T08:13:07.091Z [tellij.ui.panels.AIToolWindowLogPanel.insertLogTab] INFO log tab Test was inserted
2024-11-20T08:13:12.916Z [.ptsecurity.aiintellij.services.ScanRunner.runScan] INFO Start scanning
2024-11-20T08:13:22.010Z [sistantNotificationService.onAssistantNotification] INFO TipsWereFound notification is received by assistant
2024-11-20T08:13:22.026Z [sistantNotificationService.onAssistantNotification] INFO TipsAvailabilityChanged notification is received by assistant
2024-11-20T08:13:22.042Z [sistantNotificationService.onAssistantNotification] INFO QuickFixTipsUpdated notification is received by assistant
2024-11-20T08:13:22.057Z [intellij.services.ScanRunner.handleScanDoneMessage] INFO Scanning was finished
2024-11-20T08:13:22.199Z [sistantNotificationService.onAssistantNotification] INFO TipsAvailabilityChanged notification is received by assistant
2024-11-20T08:13:22.200Z [sistantNotificationService.onAssistantNotification] INFO QuickFixTipsUpdated notification is received by assistant
2024-11-20T08:13:22.292Z [sistantNotificationService.onAssistantNotification] INFO TipsAvailabilityChanged notification is received by assistant
2024-11-20T08:13:22.293Z [sistantNotificationService.onAssistantNotification] INFO QuickFixTipsUpdated notification is received by assistant
2024-11-20T08:13:22.323Z [sistantNotificationService.onAssistantNotification] INFO TipsAvailabilityChanged notification is received by assistant
2024-11-20T08:13:22.324Z [sistantNotificationService.onAssistantNotification] INFO QuickFixTipsUpdated notification is received by assistant
2024-11-20T08:13:36.621Z [y.aiintellij.utils.logging.AiProjectLogger.cleanUp] INFO Clean up logs files was started
2024-11-20T08:13:36.622Z [y.aiintellij.utils.logging.AiProjectLogger.cleanUp] INFO Clean up logs files was finished
2024-11-20T08:13:36.638Z [els.AIToolWindowLogPanel.removeAdditionalLogPanels] INFO removing additional log panels
2024-11-20T08:13:40.419Z [y.aiintellij.utils.logging.AiProjectLogger.cleanUp] INFO Clean up logs files was started
2024-11-20T08:13:40.419Z [y.aiintellij.utils.logging.AiProjectLogger.cleanUp] INFO Clean up logs files was finished
2024-11-20T08:13:40.434Z [els.AIToolWindowLogPanel.reloadAdditionalLogPanels] INFO reloading additional log panels
2024-11-20T08:13:40.434Z [els.AIToolWindowLogPanel.removeAdditionalLogPanels] INFO removing additional log panels
2024-11-20T08:13:40.434Z [els.AIToolWindowLogPanel.reloadAdditionalLogPanels] INFO path to the logs is C:\PositiveTechnologies\AI\apps\PHP\apps\Smoke\.ai\Logs\IDEA\plugin-20241120-141123.log
2024-11-20T08:13:40.440Z [tellij.ui.panels.AIToolWindowLogPanel.insertLogTab] INFO log tab Plugin Log was inserted
2024-11-20T08:13:40.440Z [lWindowLogPanel$reloadAdditionalLogPanels$1.invoke] INFO additional logs from dev mode are LogPanel(panelName=Analyzer, pathsToLogs=[infrastructure.log]), LogPanel(panelName=Test, pathsToLogs=[process.log])
2024-11-20T08:13:40.456Z [tellij.ui.panels.AIToolWindowLogPanel.insertLogTab] INFO log tab Analyzer was inserted
2024-11-20T08:13:40.461Z [tellij.ui.panels.AIToolWindowLogPanel.insertLogTab] INFO log tab Test was inserted
