14:13:13.448   INFO  Scanning preparation started.
14:13:13.464   INFO  Verifying incremental scanning start.
14:13:13.464  DEBUG  Incremental start scanning is not supported. The previous scan has an unsuccessful completion status.
14:13:13.552  DEBUG  Creating VFS nodes for physPath C:\PositiveTechnologies\AI\apps\PHP\apps\Smoke and vfsPath .
14:13:13.598   INFO  Computing hash for project tree was started.
14:13:13.829  DEBUG  Elapsed time of files hash computing: 00:00:00.
14:13:13.862   INFO  Skipping incremental scanning...
14:13:13.907   INFO  Continue common scanning.
14:13:14.771  DEBUG  @ConfigurationProcessor: Elapsed time of "Configuration" core initialization stage: 00:00:00.0100330.
14:13:14.801  DEBUG  @DependencyCheckProcessor: Elapsed time of "DependencyCheck" core initialization stage: 00:00:00.0373881.
14:13:14.933  DEBUG  @PmTaintProcessor: Elapsed time of "PmTaint" core initialization stage: 00:00:00.2022009.
14:13:14.960  DEBUG  @PHPProcessor: Elapsed time of "PHP" core initialization stage: 00:00:00.2443634.
14:13:14.996  DEBUG  @ConfigurationProcessor: Elapsed time of "Configuration" core preprocessing stage: 00:00:00.0018143.
14:13:15.985  DEBUG  @PHPProcessor: Elapsed time of "PHP" core preprocessing stage: 00:00:00.9915258.
14:13:17.347  DEBUG  @DependencyCheckProcessor: Elapsed time of "DependencyCheck" core preprocessing stage: 00:00:02.3520063.
14:13:17.359  DEBUG  Previous Scan ID: '(null)'
14:13:17.374  DEBUG  @PmTaintProcessor: Elapsed time of "PmTaint" core preprocessing stage: 00:00:00.0112552.
14:13:17.836  DEBUG  @ConfigurationProcessor: Elapsed time of "Configuration" core scan stage: 00:00:00.3970021.
14:13:18.415   INFO  @PHPProcessor: Issue "Weakness:Hardcoded Password PM" detected for file:

  "./dir/sqli.php"
  "C:\PositiveTechnologies\AI\apps\PHP\apps\Smoke\dir\sqli.php"

14:13:18.460   INFO  @PHPProcessor: Issue "Weakness:Hardcoded Password PM" detected for file:

  "./dir/sqli.php"
  "C:\PositiveTechnologies\AI\apps\PHP\apps\Smoke\dir\sqli.php"

14:13:18.902  DEBUG  @PmTaintProcessor: Elapsed time of "PmTaint" core scan stage: 00:00:01.4631482.
14:13:19.059   INFO  @PHPProcessor: Issue "Vulnerability:Cross-site Scripting" detected for file:

  "./dir/xss.php"
  "C:\PositiveTechnologies\AI\apps\PHP\apps\Smoke\dir\xss.php"

14:13:19.090   INFO  @PHPProcessor: Issue "Vulnerability:OS Commanding" detected for file:

  "./dir/oscom.php"
  "C:\PositiveTechnologies\AI\apps\PHP\apps\Smoke\dir\oscom.php"

14:13:19.122   INFO  @PHPProcessor: Issue "Vulnerability:Cross-site Scripting" detected for file:

  "./xss.abc"
  "C:\PositiveTechnologies\AI\apps\PHP\apps\Smoke\xss.abc"

14:13:19.167   INFO  @PHPProcessor: Issue "Vulnerability:SQL Injection" detected for file:

  "./dir/sqli.php"
  "C:\PositiveTechnologies\AI\apps\PHP\apps\Smoke\dir\sqli.php"

14:13:19.243   INFO  @PHPProcessor: Issue "Vulnerability:Cross-site Scripting" detected for file:

  "./dir/sqli.php"
  "C:\PositiveTechnologies\AI\apps\PHP\apps\Smoke\dir\sqli.php"

14:13:20.564  DEBUG  @PHPProcessor: Elapsed time of "PHP" core scan stage: 00:00:03.1254457.
14:13:21.496  DEBUG  @DependencyCheckProcessor: Elapsed time of "DependencyCheck" core scan stage: 00:00:04.0562633.
14:13:21.530  DEBUG  @DependencyCheckProcessor: Elapsed time of "DependencyCheck" core finalization stage: 00:00:00.0010360
14:13:21.530  DEBUG  @ConfigurationProcessor: Elapsed time of "Configuration" core finalization stage: 00:00:00.0012569
14:13:21.543  DEBUG  @PmTaintProcessor: Elapsed time of "PmTaint" core finalization stage: 00:00:00.0136741
14:13:21.543  ERROR  @ConfigurationProcessor: Stopping work of ConfigurationProcessor...
––– details ––––––––––––––––––––––––––––––––––––––––––––––––––––––––––––––––––––

System.Exception: Pipe disconnected! STATE: Broken
––––––––––––––––––––––––––––––––––––––––––––––––––––––––––––––––––––––––––––––––
14:13:21.557  DEBUG  @PHPProcessor: Elapsed time of "PHP" core finalization stage: 00:00:00.0297133
14:13:21.632  ERROR  @PHPProcessor: Stopping work of PHPProcessor...
––– details ––––––––––––––––––––––––––––––––––––––––––––––––––––––––––––––––––––

System.Exception: Pipe disconnected! STATE: Broken
––––––––––––––––––––––––––––––––––––––––––––––––––––––––––––––––––––––––––––––––
14:13:21.655   INFO  Terminate scanning...
14:13:21.655   INFO  Scanning was stopped.
